<?xml version="1.0" encoding="UTF-8"?>
<!-- Generated by org.testng.reporters.JUnitReportReporter -->
<testsuite hostname="DESKTOP-HIBJ4D2" name="com.training.sanity.tests.Addclasses" tests="1" failures="0" timestamp="19 Jun 2019 07:03:52 GMT" time="10.439" errors="0">
  <testcase name="validLoginTest" time="10.439" classname="com.training.sanity.tests.Addclasses"/>
</testsuite> <!-- com.training.sanity.tests.Addclasses -->
