<?xml version="1.0" encoding="UTF-8"?>
<!-- Generated by org.testng.reporters.JUnitReportReporter -->
<testsuite hostname="DESKTOP-HIBJ4D2" name="com.training.sanity.tests.Complex_testcase1" tests="1" failures="0" timestamp="10 Jul 2019 07:03:31 GMT" time="19.257" errors="0">
  <testcase name="validLoginTest" time="19.257" classname="com.training.sanity.tests.Complex_testcase1"/>
</testsuite> <!-- com.training.sanity.tests.Complex_testcase1 -->
