<?xml version="1.0" encoding="UTF-8"?>
<!-- Generated by org.testng.reporters.JUnitReportReporter -->
<testsuite hostname="DESKTOP-HIBJ4D2" name="com.training.sanity.tests.ReportingIcon" tests="1" failures="0" timestamp="9 Jul 2019 06:54:04 GMT" time="60.255" errors="0">
  <testcase name="validLoginTest" time="60.255" classname="com.training.sanity.tests.ReportingIcon"/>
</testsuite> <!-- com.training.sanity.tests.ReportingIcon -->
